1 10 20
100 200 125
201 210 89
900 1000 174
1 20 21
66622 712507 509
557033 776549 509
967969 986016 458
516871 995559 525
41908 726540 509
505535 649637 509
243358 882977 525
322742 800503 509
174772 945519 525
92872 570937 470
3443 166535 383
9247 38933 324
592 1074 179
1852 8636 262
4208 3767 189
4764 4174 215
7792 7261 239
7706 2477 262
8034 6613 257
4427 5058 210
1744 6173 262
150 7681 262
1686 6209 262
5084 674 238
195 7895 262
6844 8536 257
9161 8758 247
3758 7960 262
2505 8962 262
6119 9485 262
9632 9754 185
7244 3234 262
8028 8252 190
1262 5858 238
2534 8497 262
2059 565 182
4422 4025 215
1 10 20
100 200 125
201 210 89
900 1000 174
1 1 1
29 45 110
48 48 12
20 3 21
32 7 112
25 17 24
8 33 112
15 27 112
44 15 112
43 37 110
35 33 27
3 47 112
14 5 20
19 27 112
5 38 112
40 36 35
88 100 119
20 21 8
222222 22222 386
48 96 116
12 12 10
13 133333 354
456 3453 217
245 8765 262
4554 56567 340
244 45 128
324 6453 262
3455 34543 311
22 33 112
987243 334 525
234 546456 470
23 24 16
1357 45765 324
324 6 131
234365 88 443
2345 756567 509
34 333 144
567678 456 470
35345 567567 470
456 45646 324
5435 444 238
5354 76 238
56 58 33
1 10000 262
10000 1 262
1 14 20
14 2 20
35 88 116
234 666 145
333 666 145
111 666 145
778 5454 238
2354 987 183
1 100 119
